<?xml version="1.0" encoding="UTF-8"?>
<testng-results ignored="0" total="6" passed="6" failed="0" skipped="0">
  <reporter-output>
  </reporter-output>
  <suite started-at="2022-11-27T13:01:19 IST" name="Default suite" finished-at="2022-11-27T13:02:17 IST" duration-ms="57847">
    <groups>
    </groups>
    <test started-at="2022-11-27T13:01:19 IST" name="Default test" finished-at="2022-11-27T13:02:17 IST" duration-ms="57847">
      <class name="kumar.San04">
        <test-method is-config="true" signature="setup()[pri:0, instance:kumar.San04@368247b9]" started-at="2022-11-27T13:01:19 IST" name="setup" finished-at="2022-11-27T13:01:39 IST" duration-ms="19394" status="PASS">
          <reporter-output>
          </reporter-output>
        </test-method> <!-- setup -->
        <test-method signature="loginTest(java.lang.String,java.lang.String)[pri:0, instance:kumar.San04@368247b9]" started-at="2022-11-27T13:01:49 IST" name="loginTest" data-provider="loginData" finished-at="2022-11-27T13:01:57 IST" duration-ms="8139" status="PASS">
          <params>
            <param index="0">
              <value>
                <![CDATA[standard_user]]>
              </value>
            </param>
            <param index="1">
              <value>
                <![CDATA[secret_sauce]]>
              </value>
            </param>
          </params>
          <reporter-output>
          </reporter-output>
        </test-method> <!-- loginTest -->
        <test-method signature="loginTest(java.lang.String,java.lang.String)[pri:0, instance:kumar.San04@368247b9]" started-at="2022-11-27T13:01:57 IST" name="loginTest" data-provider="loginData" finished-at="2022-11-27T13:02:02 IST" duration-ms="4707" status="PASS">
          <params>
            <param index="0">
              <value>
                <![CDATA[admin]]>
              </value>
            </param>
            <param index="1">
              <value>
                <![CDATA[sele123]]>
              </value>
            </param>
          </params>
          <reporter-output>
          </reporter-output>
        </test-method> <!-- loginTest -->
        <test-method signature="loginTest(java.lang.String,java.lang.String)[pri:0, instance:kumar.San04@368247b9]" started-at="2022-11-27T13:02:02 IST" name="loginTest" data-provider="loginData" finished-at="2022-11-27T13:02:06 IST" duration-ms="4171" status="PASS">
          <params>
            <param index="0">
              <value>
                <![CDATA[fiit]]>
              </value>
            </param>
            <param index="1">
              <value>
                <![CDATA[admin123]]>
              </value>
            </param>
          </params>
          <reporter-output>
          </reporter-output>
        </test-method> <!-- loginTest -->
        <test-method signature="loginTest(java.lang.String,java.lang.String)[pri:0, instance:kumar.San04@368247b9]" started-at="2022-11-27T13:02:06 IST" name="loginTest" data-provider="loginData" finished-at="2022-11-27T13:02:10 IST" duration-ms="3972" status="PASS">
          <params>
            <param index="0">
              <value>
                <![CDATA[problem_user]]>
              </value>
            </param>
            <param index="1">
              <value>
                <![CDATA[secret_sauce]]>
              </value>
            </param>
          </params>
          <reporter-output>
          </reporter-output>
        </test-method> <!-- loginTest -->
        <test-method signature="loginTest(java.lang.String,java.lang.String)[pri:0, instance:kumar.San04@368247b9]" started-at="2022-11-27T13:02:10 IST" name="loginTest" data-provider="loginData" finished-at="2022-11-27T13:02:14 IST" duration-ms="3978" status="PASS">
          <params>
            <param index="0">
              <value>
                <![CDATA[locked_out_user]]>
              </value>
            </param>
            <param index="1">
              <value>
                <![CDATA[secret_sauce]]>
              </value>
            </param>
          </params>
          <reporter-output>
          </reporter-output>
        </test-method> <!-- loginTest -->
        <test-method signature="loginTest(java.lang.String,java.lang.String)[pri:0, instance:kumar.San04@368247b9]" started-at="2022-11-27T13:02:14 IST" name="loginTest" data-provider="loginData" finished-at="2022-11-27T13:02:17 IST" duration-ms="3429" status="PASS">
          <params>
            <param index="0">
              <value>
                <![CDATA[test]]>
              </value>
            </param>
            <param index="1">
              <value>
                <![CDATA[test123]]>
              </value>
            </param>
          </params>
          <reporter-output>
          </reporter-output>
        </test-method> <!-- loginTest -->
        <test-method is-config="true" signature="teardown()[pri:0, instance:kumar.San04@368247b9]" started-at="2022-11-27T13:02:17 IST" name="teardown" finished-at="2022-11-27T13:02:17 IST" duration-ms="1" status="PASS">
          <reporter-output>
          </reporter-output>
        </test-method> <!-- teardown -->
      </class> <!-- kumar.San04 -->
    </test> <!-- Default test -->
  </suite> <!-- Default suite -->
</testng-results>
