<?xml version="1.0" encoding="UTF-8"?>
<testng-results ignored="0" total="2" passed="2" failed="0" skipped="0">
  <reporter-output>
  </reporter-output>
  <suite started-at="2022-12-04T12:57:09 IST" name="Suite" finished-at="2022-12-04T12:58:27 IST" duration-ms="78544">
    <groups>
    </groups>
    <test started-at="2022-12-04T12:57:09 IST" name="Test" finished-at="2022-12-04T12:58:27 IST" duration-ms="78544">
      <class name="TestCases.Test_Login">
        <test-method is-config="true" signature="setup()[pri:0, instance:TestCases.Test_Login@43dac38f]" started-at="2022-12-04T12:57:09 IST" name="setup" finished-at="2022-12-04T12:57:53 IST" duration-ms="44131" status="PASS">
          <reporter-output>
          </reporter-output>
        </test-method> <!-- setup -->
        <test-method signature="LoginTest()[pri:1, instance:TestCases.Test_Login@43dac38f]" started-at="2022-12-04T12:57:53 IST" name="LoginTest" finished-at="2022-12-04T12:57:56 IST" duration-ms="3326" status="PASS">
          <reporter-output>
          </reporter-output>
        </test-method> <!-- LoginTest -->
        <test-method is-config="true" signature="teardown()[pri:0, instance:TestCases.Test_Login@43dac38f]" started-at="2022-12-04T12:57:56 IST" name="teardown" finished-at="2022-12-04T12:57:57 IST" duration-ms="350" status="PASS">
          <reporter-output>
          </reporter-output>
        </test-method> <!-- teardown -->
      </class> <!-- TestCases.Test_Login -->
      <class name="TestCases.Test_Homepage">
        <test-method is-config="true" signature="setup()[pri:0, instance:TestCases.Test_Homepage@506ae4d4]" started-at="2022-12-04T12:57:57 IST" name="setup" finished-at="2022-12-04T12:58:21 IST" duration-ms="24678" status="PASS">
          <reporter-output>
          </reporter-output>
        </test-method> <!-- setup -->
        <test-method signature="AddProducts()[pri:2, instance:TestCases.Test_Homepage@506ae4d4]" started-at="2022-12-04T12:58:21 IST" name="AddProducts" finished-at="2022-12-04T12:58:27 IST" duration-ms="5518" status="PASS">
          <reporter-output>
          </reporter-output>
        </test-method> <!-- AddProducts -->
        <test-method is-config="true" signature="teardown()[pri:0, instance:TestCases.Test_Homepage@506ae4d4]" started-at="2022-12-04T12:58:27 IST" name="teardown" finished-at="2022-12-04T12:58:27 IST" duration-ms="407" status="PASS">
          <reporter-output>
          </reporter-output>
        </test-method> <!-- teardown -->
      </class> <!-- TestCases.Test_Homepage -->
    </test> <!-- Test -->
  </suite> <!-- Suite -->
</testng-results>
