<?xml version="1.0" encoding="UTF-8"?>
<!-- Generated by org.testng.reporters.JUnitXMLReporter -->
<testsuite ignored="0" hostname="DESKTOP-QHROH9I" failures="0" tests="6" name="Default test" time="57.847" errors="0" timestamp="2022-11-27T13:02:19 IST">
  <testcase classname="kumar.San04" name="loginTest" time="8.139"/>
  <testcase classname="kumar.San04" name="loginTest" time="4.707"/>
  <testcase classname="kumar.San04" name="loginTest" time="4.171"/>
  <testcase classname="kumar.San04" name="loginTest" time="3.972"/>
  <testcase classname="kumar.San04" name="loginTest" time="3.978"/>
  <testcase classname="kumar.San04" name="loginTest" time="3.429"/>
</testsuite> <!-- Default test -->
